<component name="libraryTable">
  <library name="junit-4.9">
    <CLASSES>
      <root url="jar://$PROJECT_DIR$/WebContent/WEB-INF/lib/junit-4.9.jar!/" />
      <root url="jar://$PROJECT_DIR$/WebContent/WEB-INF/lib/log4j-1.2.17.jar!/" />
      <root url="jar://$PROJECT_DIR$/WebContent/WEB-INF/lib/log4j-api-2.0-rc1.jar!/" />
      <root url="jar://$PROJECT_DIR$/WebContent/WEB-INF/lib/log4j-core-2.0-rc1.jar!/" />
      <root url="jar://$PROJECT_DIR$/WebContent/WEB-INF/lib/mybatis-3.2.7.jar!/" />
      <root url="jar://$PROJECT_DIR$/WebContent/WEB-INF/lib/mybatis-spring-1.2.2.jar!/" />
      <root url="jar://$PROJECT_DIR$/WebContent/WEB-INF/lib/mysql-connector-java-5.1.7-bin.jar!/" />
      <root url="jar://$PROJECT_DIR$/WebContent/WEB-INF/lib/poi-3.0.1-FINAL.jar!/" />
      <root url="jar://$PROJECT_DIR$/WebContent/WEB-INF/lib/quartz-all-1.8.5.jar!/" />
      <root url="jar://$PROJECT_DIR$/WebContent/WEB-INF/lib/slf4j-api-1.7.5.jar!/" />
      <root url="jar://$PROJECT_DIR$/WebContent/WEB-INF/lib/slf4j-log4j12-1.7.5.jar!/" />
      <root url="jar://$PROJECT_DIR$/WebContent/WEB-INF/lib/spring-aop-4.1.3.RELEASE.jar!/" />
      <root url="jar://$PROJECT_DIR$/WebContent/WEB-INF/lib/spring-aop-4.3.16.RELEASE.jar!/" />
      <root url="jar://$PROJECT_DIR$/WebContent/WEB-INF/lib/spring-aspects-4.1.3.RELEASE.jar!/" />
      <root url="jar://$PROJECT_DIR$/WebContent/WEB-INF/lib/spring-aspects-4.3.16.RELEASE.jar!/" />
      <root url="jar://$PROJECT_DIR$/WebContent/WEB-INF/lib/spring-beans-4.1.3.RELEASE.jar!/" />
      <root url="jar://$PROJECT_DIR$/WebContent/WEB-INF/lib/spring-beans-4.3.16.RELEASE.jar!/" />
      <root url="jar://$PROJECT_DIR$/WebContent/WEB-INF/lib/spring-context-4.1.3.RELEASE.jar!/" />
      <root url="jar://$PROJECT_DIR$/WebContent/WEB-INF/lib/spring-context-4.3.16.RELEASE.jar!/" />
      <root url="jar://$PROJECT_DIR$/WebContent/WEB-INF/lib/spring-context-support-4.1.3.RELEASE.jar!/" />
      <root url="jar://$PROJECT_DIR$/WebContent/WEB-INF/lib/spring-context-support-4.3.16.RELEASE.jar!/" />
      <root url="jar://$PROJECT_DIR$/WebContent/WEB-INF/lib/spring-core-4.1.3.RELEASE.jar!/" />
    </CLASSES>
    <JAVADOC />
    <SOURCES />
  </library>
</component>